box 427488 81444 427688 81504
feedback add "device missing 1 terminal;
 connecting remainder to node VHI" pale
box 427488 79284 427688 79344
feedback add "device missing 1 terminal;
 connecting remainder to node VHI" pale
box 427858 81444 428058 81504
feedback add "device missing 1 terminal;
 connecting remainder to node VHI" pale
box 427858 79284 428058 79344
feedback add "device missing 1 terminal;
 connecting remainder to node VHI" pale
box 428228 81444 428428 81504
feedback add "device missing 1 terminal;
 connecting remainder to node VHI" pale
box 428228 79284 428428 79344
feedback add "device missing 1 terminal;
 connecting remainder to node VHI" pale
box 428598 81444 428798 81504
feedback add "device missing 1 terminal;
 connecting remainder to node VHI" pale
box 428598 79284 428798 79344
feedback add "device missing 1 terminal;
 connecting remainder to node VHI" pale
box 428922 81444 429122 81504
feedback add "device missing 1 terminal;
 connecting remainder to node VHI" pale
box 428922 79284 429122 79344
feedback add "device missing 1 terminal;
 connecting remainder to node VHI" pale
box 429292 81444 429492 81504
feedback add "device missing 1 terminal;
 connecting remainder to node VHI" pale
box 429292 79284 429492 79344
feedback add "device missing 1 terminal;
 connecting remainder to node VHI" pale
box 429662 81444 429862 81504
feedback add "device missing 1 terminal;
 connecting remainder to node VHI" pale
box 429662 79284 429862 79344
feedback add "device missing 1 terminal;
 connecting remainder to node VHI" pale
box 430032 81444 430232 81504
feedback add "device missing 1 terminal;
 connecting remainder to node VHI" pale
box 430032 79284 430232 79344
feedback add "device missing 1 terminal;
 connecting remainder to node VHI" pale
box 463399 84219 463401 84221
feedback add "Label \"VGATE_CAS\" attached to more than one unconnected node: m3_5500_939#" pale
box 463799 72119 463801 72121
feedback add "Label \"VGATE_CAS\" attached to more than one unconnected node: m3_5400_6700#" pale
box 572457 -1 572459 1
feedback add "Label \"vssa1\" attached to more than one unconnected node: m4_572458_0#" pale
box 510593 122339 510595 122341
feedback add "Label \"vssa1\" attached to more than one unconnected node: m3_510594_122340#" pale
